<?xml version="1.0" encoding="utf-8"?><testsuites name="pytest tests"><testsuite name="pytest" errors="0" failures="0" skipped="0" tests="15" time="1.400" timestamp="2026-01-06T00:09:21.291661+00:00" hostname="agent-env-59e2f017-369f-47fc-81bf-749cb5a279fb"><testcase classname="tests.test_hipaa_org_isolation.TestHIPAAOrganizationIsolation" name="test_timesheets_list_returns_only_org_records" time="0.493" /><testcase classname="tests.test_hipaa_org_isolation.TestHIPAAOrganizationIsolation" name="test_get_timesheet_from_different_org_returns_404" time="0.046" /><testcase classname="tests.test_hipaa_org_isolation.TestHIPAAOrganizationIsolation" name="test_get_own_org_timesheet_succeeds" time="0.035" /><testcase classname="tests.test_hipaa_org_isolation.TestHIPAAOrganizationIsolation" name="test_bulk_delete_only_affects_own_org" time="0.044" /><testcase classname="tests.test_hipaa_org_isolation.TestHIPAAOrganizationIsolation" name="test_evv_visits_list_returns_only_org_records" time="0.039" /><testcase classname="tests.test_hipaa_org_isolation.TestHIPAAOrganizationIsolation" name="test_evv_visit_from_different_org_returns_404" time="0.035" /><testcase classname="tests.test_hipaa_org_isolation.TestHIPAAOrganizationIsolation" name="test_evv_export_individuals_only_includes_org_data" time="0.050" /><testcase classname="tests.test_hipaa_org_isolation.TestHIPAAOrganizationIsolation" name="test_evv_export_direct_care_workers_only_includes_org_data" time="0.052" /><testcase classname="tests.test_hipaa_org_isolation.TestHIPAAOrganizationIsolation" name="test_resubmit_timesheet_from_different_org_returns_404" time="0.034" /><testcase classname="tests.test_hipaa_org_isolation.TestHIPAAOrganizationIsolation" name="test_submit_sandata_from_different_org_returns_404" time="0.035" /><testcase classname="tests.test_hipaa_org_isolation.TestHIPAAOrganizationIsolation" name="test_patients_list_returns_only_org_records" time="0.039" /><testcase classname="tests.test_hipaa_org_isolation.TestHIPAAOrganizationIsolation" name="test_employees_list_returns_only_org_records" time="0.048" /><testcase classname="tests.test_hipaa_org_isolation.TestCrossOrganizationAccess" name="test_update_timesheet_from_different_org_fails" time="0.295" /><testcase classname="tests.test_hipaa_org_isolation.TestCrossOrganizationAccess" name="test_delete_timesheet_from_different_org_fails" time="0.034" /><testcase classname="tests.test_hipaa_org_isolation.TestUnauthenticatedAccess" name="test_unauthenticated_timesheets_uses_default_org" time="0.055" /></testsuite></testsuites>