<?xml version="1.0" encoding="utf-8"?><testsuites name="pytest tests"><testsuite name="pytest" errors="14" failures="0" skipped="0" tests="15" time="0.759" timestamp="2026-01-06T00:08:59.733215+00:00" hostname="agent-env-59e2f017-369f-47fc-81bf-749cb5a279fb"><testcase classname="tests.test_hipaa_org_isolation.TestHIPAAOrganizationIsolation" name="test_timesheets_list_returns_only_org_records" time="0.303"><error message="failed on setup with &quot;AssertionError: No token in response&#10;assert 'token' in {'access_token': 'eyJhbGciOiJIUzI1NiIsInR5cCI6IkpXVCJ9.eyJ1c2VyX2lkIjoiNjIwZTFkYjYtNzMyYS00YWQ2LTk3Y2UtMWYyMjhjZTA1ZjNhIiwiZW1haWwiOiJhZG1pbkBtZWRpY2FpZHNlcnZpY2VzLmNvbSIsIm9yZ2FuaXphdGlvbl9pZCI6InN1cGVyX2FkbWluIiwicm9sZSI6InN1cGVyX2FkbWluIiwiaXNfYWRtaW4iOnRydWUsImV4cCI6MTc2ODI2Mjk0MCwiaWF0IjoxNzY3NjU4MTQwfQ.KBd0nItz8JicMLXLisjXd_8Q5g5mRPRUMFMkIbmOGKM', 'organization': {'features': ['admin_panel', 'all_features'], 'id': 'super_admin', 'name': 'Platform Administration', 'plan': 'enterprise', ...}, 'token_type': 'bearer', 'user': {'email': 'admin@medicaidservices.com', 'first_name': 'Admin', 'id': '620e1db6-732a-4ad6-97ce-1f228ce05f3a', 'last_name': 'User', ...}}&quot;">tests/test_hipaa_org_isolation.py:42: in auth_token
    assert "token" in data, "No token in response"
E   AssertionError: No token in response
E   assert 'token' in {'access_token': 'eyJhbGciOiJIUzI1NiIsInR5cCI6IkpXVCJ9.eyJ1c2VyX2lkIjoiNjIwZTFkYjYtNzMyYS00YWQ2LTk3Y2UtMWYyMjhjZTA1ZjNhIiwiZW1haWwiOiJhZG1pbkBtZWRpY2FpZHNlcnZpY2VzLmNvbSIsIm9yZ2FuaXphdGlvbl9pZCI6InN1cGVyX2FkbWluIiwicm9sZSI6InN1cGVyX2FkbWluIiwiaXNfYWRtaW4iOnRydWUsImV4cCI6MTc2ODI2Mjk0MCwiaWF0IjoxNzY3NjU4MTQwfQ.KBd0nItz8JicMLXLisjXd_8Q5g5mRPRUMFMkIbmOGKM', 'organization': {'features': ['admin_panel', 'all_features'], 'id': 'super_admin', 'name': 'Platform Administration', 'plan': 'enterprise', ...}, 'token_type': 'bearer', 'user': {'email': 'admin@medicaidservices.com', 'first_name': 'Admin', 'id': '620e1db6-732a-4ad6-97ce-1f228ce05f3a', 'last_name': 'User', ...}}</error></testcase><testcase classname="tests.test_hipaa_org_isolation.TestHIPAAOrganizationIsolation" name="test_get_timesheet_from_different_org_returns_404" time="0.000"><error message="failed on setup with &quot;AssertionError: No token in response&#10;assert 'token' in {'access_token': 'eyJhbGciOiJIUzI1NiIsInR5cCI6IkpXVCJ9.eyJ1c2VyX2lkIjoiNjIwZTFkYjYtNzMyYS00YWQ2LTk3Y2UtMWYyMjhjZTA1ZjNhIiwiZW1haWwiOiJhZG1pbkBtZWRpY2FpZHNlcnZpY2VzLmNvbSIsIm9yZ2FuaXphdGlvbl9pZCI6InN1cGVyX2FkbWluIiwicm9sZSI6InN1cGVyX2FkbWluIiwiaXNfYWRtaW4iOnRydWUsImV4cCI6MTc2ODI2Mjk0MCwiaWF0IjoxNzY3NjU4MTQwfQ.KBd0nItz8JicMLXLisjXd_8Q5g5mRPRUMFMkIbmOGKM', 'organization': {'features': ['admin_panel', 'all_features'], 'id': 'super_admin', 'name': 'Platform Administration', 'plan': 'enterprise', ...}, 'token_type': 'bearer', 'user': {'email': 'admin@medicaidservices.com', 'first_name': 'Admin', 'id': '620e1db6-732a-4ad6-97ce-1f228ce05f3a', 'last_name': 'User', ...}}&quot;">tests/test_hipaa_org_isolation.py:42: in auth_token
    assert "token" in data, "No token in response"
E   AssertionError: No token in response
E   assert 'token' in {'access_token': 'eyJhbGciOiJIUzI1NiIsInR5cCI6IkpXVCJ9.eyJ1c2VyX2lkIjoiNjIwZTFkYjYtNzMyYS00YWQ2LTk3Y2UtMWYyMjhjZTA1ZjNhIiwiZW1haWwiOiJhZG1pbkBtZWRpY2FpZHNlcnZpY2VzLmNvbSIsIm9yZ2FuaXphdGlvbl9pZCI6InN1cGVyX2FkbWluIiwicm9sZSI6InN1cGVyX2FkbWluIiwiaXNfYWRtaW4iOnRydWUsImV4cCI6MTc2ODI2Mjk0MCwiaWF0IjoxNzY3NjU4MTQwfQ.KBd0nItz8JicMLXLisjXd_8Q5g5mRPRUMFMkIbmOGKM', 'organization': {'features': ['admin_panel', 'all_features'], 'id': 'super_admin', 'name': 'Platform Administration', 'plan': 'enterprise', ...}, 'token_type': 'bearer', 'user': {'email': 'admin@medicaidservices.com', 'first_name': 'Admin', 'id': '620e1db6-732a-4ad6-97ce-1f228ce05f3a', 'last_name': 'User', ...}}</error></testcase><testcase classname="tests.test_hipaa_org_isolation.TestHIPAAOrganizationIsolation" name="test_get_own_org_timesheet_succeeds" time="0.000"><error message="failed on setup with &quot;AssertionError: No token in response&#10;assert 'token' in {'access_token': 'eyJhbGciOiJIUzI1NiIsInR5cCI6IkpXVCJ9.eyJ1c2VyX2lkIjoiNjIwZTFkYjYtNzMyYS00YWQ2LTk3Y2UtMWYyMjhjZTA1ZjNhIiwiZW1haWwiOiJhZG1pbkBtZWRpY2FpZHNlcnZpY2VzLmNvbSIsIm9yZ2FuaXphdGlvbl9pZCI6InN1cGVyX2FkbWluIiwicm9sZSI6InN1cGVyX2FkbWluIiwiaXNfYWRtaW4iOnRydWUsImV4cCI6MTc2ODI2Mjk0MCwiaWF0IjoxNzY3NjU4MTQwfQ.KBd0nItz8JicMLXLisjXd_8Q5g5mRPRUMFMkIbmOGKM', 'organization': {'features': ['admin_panel', 'all_features'], 'id': 'super_admin', 'name': 'Platform Administration', 'plan': 'enterprise', ...}, 'token_type': 'bearer', 'user': {'email': 'admin@medicaidservices.com', 'first_name': 'Admin', 'id': '620e1db6-732a-4ad6-97ce-1f228ce05f3a', 'last_name': 'User', ...}}&quot;">tests/test_hipaa_org_isolation.py:42: in auth_token
    assert "token" in data, "No token in response"
E   AssertionError: No token in response
E   assert 'token' in {'access_token': 'eyJhbGciOiJIUzI1NiIsInR5cCI6IkpXVCJ9.eyJ1c2VyX2lkIjoiNjIwZTFkYjYtNzMyYS00YWQ2LTk3Y2UtMWYyMjhjZTA1ZjNhIiwiZW1haWwiOiJhZG1pbkBtZWRpY2FpZHNlcnZpY2VzLmNvbSIsIm9yZ2FuaXphdGlvbl9pZCI6InN1cGVyX2FkbWluIiwicm9sZSI6InN1cGVyX2FkbWluIiwiaXNfYWRtaW4iOnRydWUsImV4cCI6MTc2ODI2Mjk0MCwiaWF0IjoxNzY3NjU4MTQwfQ.KBd0nItz8JicMLXLisjXd_8Q5g5mRPRUMFMkIbmOGKM', 'organization': {'features': ['admin_panel', 'all_features'], 'id': 'super_admin', 'name': 'Platform Administration', 'plan': 'enterprise', ...}, 'token_type': 'bearer', 'user': {'email': 'admin@medicaidservices.com', 'first_name': 'Admin', 'id': '620e1db6-732a-4ad6-97ce-1f228ce05f3a', 'last_name': 'User', ...}}</error></testcase><testcase classname="tests.test_hipaa_org_isolation.TestHIPAAOrganizationIsolation" name="test_bulk_delete_only_affects_own_org" time="0.000"><error message="failed on setup with &quot;AssertionError: No token in response&#10;assert 'token' in {'access_token': 'eyJhbGciOiJIUzI1NiIsInR5cCI6IkpXVCJ9.eyJ1c2VyX2lkIjoiNjIwZTFkYjYtNzMyYS00YWQ2LTk3Y2UtMWYyMjhjZTA1ZjNhIiwiZW1haWwiOiJhZG1pbkBtZWRpY2FpZHNlcnZpY2VzLmNvbSIsIm9yZ2FuaXphdGlvbl9pZCI6InN1cGVyX2FkbWluIiwicm9sZSI6InN1cGVyX2FkbWluIiwiaXNfYWRtaW4iOnRydWUsImV4cCI6MTc2ODI2Mjk0MCwiaWF0IjoxNzY3NjU4MTQwfQ.KBd0nItz8JicMLXLisjXd_8Q5g5mRPRUMFMkIbmOGKM', 'organization': {'features': ['admin_panel', 'all_features'], 'id': 'super_admin', 'name': 'Platform Administration', 'plan': 'enterprise', ...}, 'token_type': 'bearer', 'user': {'email': 'admin@medicaidservices.com', 'first_name': 'Admin', 'id': '620e1db6-732a-4ad6-97ce-1f228ce05f3a', 'last_name': 'User', ...}}&quot;">tests/test_hipaa_org_isolation.py:42: in auth_token
    assert "token" in data, "No token in response"
E   AssertionError: No token in response
E   assert 'token' in {'access_token': 'eyJhbGciOiJIUzI1NiIsInR5cCI6IkpXVCJ9.eyJ1c2VyX2lkIjoiNjIwZTFkYjYtNzMyYS00YWQ2LTk3Y2UtMWYyMjhjZTA1ZjNhIiwiZW1haWwiOiJhZG1pbkBtZWRpY2FpZHNlcnZpY2VzLmNvbSIsIm9yZ2FuaXphdGlvbl9pZCI6InN1cGVyX2FkbWluIiwicm9sZSI6InN1cGVyX2FkbWluIiwiaXNfYWRtaW4iOnRydWUsImV4cCI6MTc2ODI2Mjk0MCwiaWF0IjoxNzY3NjU4MTQwfQ.KBd0nItz8JicMLXLisjXd_8Q5g5mRPRUMFMkIbmOGKM', 'organization': {'features': ['admin_panel', 'all_features'], 'id': 'super_admin', 'name': 'Platform Administration', 'plan': 'enterprise', ...}, 'token_type': 'bearer', 'user': {'email': 'admin@medicaidservices.com', 'first_name': 'Admin', 'id': '620e1db6-732a-4ad6-97ce-1f228ce05f3a', 'last_name': 'User', ...}}</error></testcase><testcase classname="tests.test_hipaa_org_isolation.TestHIPAAOrganizationIsolation" name="test_evv_visits_list_returns_only_org_records" time="0.000"><error message="failed on setup with &quot;AssertionError: No token in response&#10;assert 'token' in {'access_token': 'eyJhbGciOiJIUzI1NiIsInR5cCI6IkpXVCJ9.eyJ1c2VyX2lkIjoiNjIwZTFkYjYtNzMyYS00YWQ2LTk3Y2UtMWYyMjhjZTA1ZjNhIiwiZW1haWwiOiJhZG1pbkBtZWRpY2FpZHNlcnZpY2VzLmNvbSIsIm9yZ2FuaXphdGlvbl9pZCI6InN1cGVyX2FkbWluIiwicm9sZSI6InN1cGVyX2FkbWluIiwiaXNfYWRtaW4iOnRydWUsImV4cCI6MTc2ODI2Mjk0MCwiaWF0IjoxNzY3NjU4MTQwfQ.KBd0nItz8JicMLXLisjXd_8Q5g5mRPRUMFMkIbmOGKM', 'organization': {'features': ['admin_panel', 'all_features'], 'id': 'super_admin', 'name': 'Platform Administration', 'plan': 'enterprise', ...}, 'token_type': 'bearer', 'user': {'email': 'admin@medicaidservices.com', 'first_name': 'Admin', 'id': '620e1db6-732a-4ad6-97ce-1f228ce05f3a', 'last_name': 'User', ...}}&quot;">tests/test_hipaa_org_isolation.py:42: in auth_token
    assert "token" in data, "No token in response"
E   AssertionError: No token in response
E   assert 'token' in {'access_token': 'eyJhbGciOiJIUzI1NiIsInR5cCI6IkpXVCJ9.eyJ1c2VyX2lkIjoiNjIwZTFkYjYtNzMyYS00YWQ2LTk3Y2UtMWYyMjhjZTA1ZjNhIiwiZW1haWwiOiJhZG1pbkBtZWRpY2FpZHNlcnZpY2VzLmNvbSIsIm9yZ2FuaXphdGlvbl9pZCI6InN1cGVyX2FkbWluIiwicm9sZSI6InN1cGVyX2FkbWluIiwiaXNfYWRtaW4iOnRydWUsImV4cCI6MTc2ODI2Mjk0MCwiaWF0IjoxNzY3NjU4MTQwfQ.KBd0nItz8JicMLXLisjXd_8Q5g5mRPRUMFMkIbmOGKM', 'organization': {'features': ['admin_panel', 'all_features'], 'id': 'super_admin', 'name': 'Platform Administration', 'plan': 'enterprise', ...}, 'token_type': 'bearer', 'user': {'email': 'admin@medicaidservices.com', 'first_name': 'Admin', 'id': '620e1db6-732a-4ad6-97ce-1f228ce05f3a', 'last_name': 'User', ...}}</error></testcase><testcase classname="tests.test_hipaa_org_isolation.TestHIPAAOrganizationIsolation" name="test_evv_visit_from_different_org_returns_404" time="0.000"><error message="failed on setup with &quot;AssertionError: No token in response&#10;assert 'token' in {'access_token': 'eyJhbGciOiJIUzI1NiIsInR5cCI6IkpXVCJ9.eyJ1c2VyX2lkIjoiNjIwZTFkYjYtNzMyYS00YWQ2LTk3Y2UtMWYyMjhjZTA1ZjNhIiwiZW1haWwiOiJhZG1pbkBtZWRpY2FpZHNlcnZpY2VzLmNvbSIsIm9yZ2FuaXphdGlvbl9pZCI6InN1cGVyX2FkbWluIiwicm9sZSI6InN1cGVyX2FkbWluIiwiaXNfYWRtaW4iOnRydWUsImV4cCI6MTc2ODI2Mjk0MCwiaWF0IjoxNzY3NjU4MTQwfQ.KBd0nItz8JicMLXLisjXd_8Q5g5mRPRUMFMkIbmOGKM', 'organization': {'features': ['admin_panel', 'all_features'], 'id': 'super_admin', 'name': 'Platform Administration', 'plan': 'enterprise', ...}, 'token_type': 'bearer', 'user': {'email': 'admin@medicaidservices.com', 'first_name': 'Admin', 'id': '620e1db6-732a-4ad6-97ce-1f228ce05f3a', 'last_name': 'User', ...}}&quot;">tests/test_hipaa_org_isolation.py:42: in auth_token
    assert "token" in data, "No token in response"
E   AssertionError: No token in response
E   assert 'token' in {'access_token': 'eyJhbGciOiJIUzI1NiIsInR5cCI6IkpXVCJ9.eyJ1c2VyX2lkIjoiNjIwZTFkYjYtNzMyYS00YWQ2LTk3Y2UtMWYyMjhjZTA1ZjNhIiwiZW1haWwiOiJhZG1pbkBtZWRpY2FpZHNlcnZpY2VzLmNvbSIsIm9yZ2FuaXphdGlvbl9pZCI6InN1cGVyX2FkbWluIiwicm9sZSI6InN1cGVyX2FkbWluIiwiaXNfYWRtaW4iOnRydWUsImV4cCI6MTc2ODI2Mjk0MCwiaWF0IjoxNzY3NjU4MTQwfQ.KBd0nItz8JicMLXLisjXd_8Q5g5mRPRUMFMkIbmOGKM', 'organization': {'features': ['admin_panel', 'all_features'], 'id': 'super_admin', 'name': 'Platform Administration', 'plan': 'enterprise', ...}, 'token_type': 'bearer', 'user': {'email': 'admin@medicaidservices.com', 'first_name': 'Admin', 'id': '620e1db6-732a-4ad6-97ce-1f228ce05f3a', 'last_name': 'User', ...}}</error></testcase><testcase classname="tests.test_hipaa_org_isolation.TestHIPAAOrganizationIsolation" name="test_evv_export_individuals_only_includes_org_data" time="0.000"><error message="failed on setup with &quot;AssertionError: No token in response&#10;assert 'token' in {'access_token': 'eyJhbGciOiJIUzI1NiIsInR5cCI6IkpXVCJ9.eyJ1c2VyX2lkIjoiNjIwZTFkYjYtNzMyYS00YWQ2LTk3Y2UtMWYyMjhjZTA1ZjNhIiwiZW1haWwiOiJhZG1pbkBtZWRpY2FpZHNlcnZpY2VzLmNvbSIsIm9yZ2FuaXphdGlvbl9pZCI6InN1cGVyX2FkbWluIiwicm9sZSI6InN1cGVyX2FkbWluIiwiaXNfYWRtaW4iOnRydWUsImV4cCI6MTc2ODI2Mjk0MCwiaWF0IjoxNzY3NjU4MTQwfQ.KBd0nItz8JicMLXLisjXd_8Q5g5mRPRUMFMkIbmOGKM', 'organization': {'features': ['admin_panel', 'all_features'], 'id': 'super_admin', 'name': 'Platform Administration', 'plan': 'enterprise', ...}, 'token_type': 'bearer', 'user': {'email': 'admin@medicaidservices.com', 'first_name': 'Admin', 'id': '620e1db6-732a-4ad6-97ce-1f228ce05f3a', 'last_name': 'User', ...}}&quot;">tests/test_hipaa_org_isolation.py:42: in auth_token
    assert "token" in data, "No token in response"
E   AssertionError: No token in response
E   assert 'token' in {'access_token': 'eyJhbGciOiJIUzI1NiIsInR5cCI6IkpXVCJ9.eyJ1c2VyX2lkIjoiNjIwZTFkYjYtNzMyYS00YWQ2LTk3Y2UtMWYyMjhjZTA1ZjNhIiwiZW1haWwiOiJhZG1pbkBtZWRpY2FpZHNlcnZpY2VzLmNvbSIsIm9yZ2FuaXphdGlvbl9pZCI6InN1cGVyX2FkbWluIiwicm9sZSI6InN1cGVyX2FkbWluIiwiaXNfYWRtaW4iOnRydWUsImV4cCI6MTc2ODI2Mjk0MCwiaWF0IjoxNzY3NjU4MTQwfQ.KBd0nItz8JicMLXLisjXd_8Q5g5mRPRUMFMkIbmOGKM', 'organization': {'features': ['admin_panel', 'all_features'], 'id': 'super_admin', 'name': 'Platform Administration', 'plan': 'enterprise', ...}, 'token_type': 'bearer', 'user': {'email': 'admin@medicaidservices.com', 'first_name': 'Admin', 'id': '620e1db6-732a-4ad6-97ce-1f228ce05f3a', 'last_name': 'User', ...}}</error></testcase><testcase classname="tests.test_hipaa_org_isolation.TestHIPAAOrganizationIsolation" name="test_evv_export_direct_care_workers_only_includes_org_data" time="0.000"><error message="failed on setup with &quot;AssertionError: No token in response&#10;assert 'token' in {'access_token': 'eyJhbGciOiJIUzI1NiIsInR5cCI6IkpXVCJ9.eyJ1c2VyX2lkIjoiNjIwZTFkYjYtNzMyYS00YWQ2LTk3Y2UtMWYyMjhjZTA1ZjNhIiwiZW1haWwiOiJhZG1pbkBtZWRpY2FpZHNlcnZpY2VzLmNvbSIsIm9yZ2FuaXphdGlvbl9pZCI6InN1cGVyX2FkbWluIiwicm9sZSI6InN1cGVyX2FkbWluIiwiaXNfYWRtaW4iOnRydWUsImV4cCI6MTc2ODI2Mjk0MCwiaWF0IjoxNzY3NjU4MTQwfQ.KBd0nItz8JicMLXLisjXd_8Q5g5mRPRUMFMkIbmOGKM', 'organization': {'features': ['admin_panel', 'all_features'], 'id': 'super_admin', 'name': 'Platform Administration', 'plan': 'enterprise', ...}, 'token_type': 'bearer', 'user': {'email': 'admin@medicaidservices.com', 'first_name': 'Admin', 'id': '620e1db6-732a-4ad6-97ce-1f228ce05f3a', 'last_name': 'User', ...}}&quot;">tests/test_hipaa_org_isolation.py:42: in auth_token
    assert "token" in data, "No token in response"
E   AssertionError: No token in response
E   assert 'token' in {'access_token': 'eyJhbGciOiJIUzI1NiIsInR5cCI6IkpXVCJ9.eyJ1c2VyX2lkIjoiNjIwZTFkYjYtNzMyYS00YWQ2LTk3Y2UtMWYyMjhjZTA1ZjNhIiwiZW1haWwiOiJhZG1pbkBtZWRpY2FpZHNlcnZpY2VzLmNvbSIsIm9yZ2FuaXphdGlvbl9pZCI6InN1cGVyX2FkbWluIiwicm9sZSI6InN1cGVyX2FkbWluIiwiaXNfYWRtaW4iOnRydWUsImV4cCI6MTc2ODI2Mjk0MCwiaWF0IjoxNzY3NjU4MTQwfQ.KBd0nItz8JicMLXLisjXd_8Q5g5mRPRUMFMkIbmOGKM', 'organization': {'features': ['admin_panel', 'all_features'], 'id': 'super_admin', 'name': 'Platform Administration', 'plan': 'enterprise', ...}, 'token_type': 'bearer', 'user': {'email': 'admin@medicaidservices.com', 'first_name': 'Admin', 'id': '620e1db6-732a-4ad6-97ce-1f228ce05f3a', 'last_name': 'User', ...}}</error></testcase><testcase classname="tests.test_hipaa_org_isolation.TestHIPAAOrganizationIsolation" name="test_resubmit_timesheet_from_different_org_returns_404" time="0.000"><error message="failed on setup with &quot;AssertionError: No token in response&#10;assert 'token' in {'access_token': 'eyJhbGciOiJIUzI1NiIsInR5cCI6IkpXVCJ9.eyJ1c2VyX2lkIjoiNjIwZTFkYjYtNzMyYS00YWQ2LTk3Y2UtMWYyMjhjZTA1ZjNhIiwiZW1haWwiOiJhZG1pbkBtZWRpY2FpZHNlcnZpY2VzLmNvbSIsIm9yZ2FuaXphdGlvbl9pZCI6InN1cGVyX2FkbWluIiwicm9sZSI6InN1cGVyX2FkbWluIiwiaXNfYWRtaW4iOnRydWUsImV4cCI6MTc2ODI2Mjk0MCwiaWF0IjoxNzY3NjU4MTQwfQ.KBd0nItz8JicMLXLisjXd_8Q5g5mRPRUMFMkIbmOGKM', 'organization': {'features': ['admin_panel', 'all_features'], 'id': 'super_admin', 'name': 'Platform Administration', 'plan': 'enterprise', ...}, 'token_type': 'bearer', 'user': {'email': 'admin@medicaidservices.com', 'first_name': 'Admin', 'id': '620e1db6-732a-4ad6-97ce-1f228ce05f3a', 'last_name': 'User', ...}}&quot;">tests/test_hipaa_org_isolation.py:42: in auth_token
    assert "token" in data, "No token in response"
E   AssertionError: No token in response
E   assert 'token' in {'access_token': 'eyJhbGciOiJIUzI1NiIsInR5cCI6IkpXVCJ9.eyJ1c2VyX2lkIjoiNjIwZTFkYjYtNzMyYS00YWQ2LTk3Y2UtMWYyMjhjZTA1ZjNhIiwiZW1haWwiOiJhZG1pbkBtZWRpY2FpZHNlcnZpY2VzLmNvbSIsIm9yZ2FuaXphdGlvbl9pZCI6InN1cGVyX2FkbWluIiwicm9sZSI6InN1cGVyX2FkbWluIiwiaXNfYWRtaW4iOnRydWUsImV4cCI6MTc2ODI2Mjk0MCwiaWF0IjoxNzY3NjU4MTQwfQ.KBd0nItz8JicMLXLisjXd_8Q5g5mRPRUMFMkIbmOGKM', 'organization': {'features': ['admin_panel', 'all_features'], 'id': 'super_admin', 'name': 'Platform Administration', 'plan': 'enterprise', ...}, 'token_type': 'bearer', 'user': {'email': 'admin@medicaidservices.com', 'first_name': 'Admin', 'id': '620e1db6-732a-4ad6-97ce-1f228ce05f3a', 'last_name': 'User', ...}}</error></testcase><testcase classname="tests.test_hipaa_org_isolation.TestHIPAAOrganizationIsolation" name="test_submit_sandata_from_different_org_returns_404" time="0.000"><error message="failed on setup with &quot;AssertionError: No token in response&#10;assert 'token' in {'access_token': 'eyJhbGciOiJIUzI1NiIsInR5cCI6IkpXVCJ9.eyJ1c2VyX2lkIjoiNjIwZTFkYjYtNzMyYS00YWQ2LTk3Y2UtMWYyMjhjZTA1ZjNhIiwiZW1haWwiOiJhZG1pbkBtZWRpY2FpZHNlcnZpY2VzLmNvbSIsIm9yZ2FuaXphdGlvbl9pZCI6InN1cGVyX2FkbWluIiwicm9sZSI6InN1cGVyX2FkbWluIiwiaXNfYWRtaW4iOnRydWUsImV4cCI6MTc2ODI2Mjk0MCwiaWF0IjoxNzY3NjU4MTQwfQ.KBd0nItz8JicMLXLisjXd_8Q5g5mRPRUMFMkIbmOGKM', 'organization': {'features': ['admin_panel', 'all_features'], 'id': 'super_admin', 'name': 'Platform Administration', 'plan': 'enterprise', ...}, 'token_type': 'bearer', 'user': {'email': 'admin@medicaidservices.com', 'first_name': 'Admin', 'id': '620e1db6-732a-4ad6-97ce-1f228ce05f3a', 'last_name': 'User', ...}}&quot;">tests/test_hipaa_org_isolation.py:42: in auth_token
    assert "token" in data, "No token in response"
E   AssertionError: No token in response
E   assert 'token' in {'access_token': 'eyJhbGciOiJIUzI1NiIsInR5cCI6IkpXVCJ9.eyJ1c2VyX2lkIjoiNjIwZTFkYjYtNzMyYS00YWQ2LTk3Y2UtMWYyMjhjZTA1ZjNhIiwiZW1haWwiOiJhZG1pbkBtZWRpY2FpZHNlcnZpY2VzLmNvbSIsIm9yZ2FuaXphdGlvbl9pZCI6InN1cGVyX2FkbWluIiwicm9sZSI6InN1cGVyX2FkbWluIiwiaXNfYWRtaW4iOnRydWUsImV4cCI6MTc2ODI2Mjk0MCwiaWF0IjoxNzY3NjU4MTQwfQ.KBd0nItz8JicMLXLisjXd_8Q5g5mRPRUMFMkIbmOGKM', 'organization': {'features': ['admin_panel', 'all_features'], 'id': 'super_admin', 'name': 'Platform Administration', 'plan': 'enterprise', ...}, 'token_type': 'bearer', 'user': {'email': 'admin@medicaidservices.com', 'first_name': 'Admin', 'id': '620e1db6-732a-4ad6-97ce-1f228ce05f3a', 'last_name': 'User', ...}}</error></testcase><testcase classname="tests.test_hipaa_org_isolation.TestHIPAAOrganizationIsolation" name="test_patients_list_returns_only_org_records" time="0.000"><error message="failed on setup with &quot;AssertionError: No token in response&#10;assert 'token' in {'access_token': 'eyJhbGciOiJIUzI1NiIsInR5cCI6IkpXVCJ9.eyJ1c2VyX2lkIjoiNjIwZTFkYjYtNzMyYS00YWQ2LTk3Y2UtMWYyMjhjZTA1ZjNhIiwiZW1haWwiOiJhZG1pbkBtZWRpY2FpZHNlcnZpY2VzLmNvbSIsIm9yZ2FuaXphdGlvbl9pZCI6InN1cGVyX2FkbWluIiwicm9sZSI6InN1cGVyX2FkbWluIiwiaXNfYWRtaW4iOnRydWUsImV4cCI6MTc2ODI2Mjk0MCwiaWF0IjoxNzY3NjU4MTQwfQ.KBd0nItz8JicMLXLisjXd_8Q5g5mRPRUMFMkIbmOGKM', 'organization': {'features': ['admin_panel', 'all_features'], 'id': 'super_admin', 'name': 'Platform Administration', 'plan': 'enterprise', ...}, 'token_type': 'bearer', 'user': {'email': 'admin@medicaidservices.com', 'first_name': 'Admin', 'id': '620e1db6-732a-4ad6-97ce-1f228ce05f3a', 'last_name': 'User', ...}}&quot;">tests/test_hipaa_org_isolation.py:42: in auth_token
    assert "token" in data, "No token in response"
E   AssertionError: No token in response
E   assert 'token' in {'access_token': 'eyJhbGciOiJIUzI1NiIsInR5cCI6IkpXVCJ9.eyJ1c2VyX2lkIjoiNjIwZTFkYjYtNzMyYS00YWQ2LTk3Y2UtMWYyMjhjZTA1ZjNhIiwiZW1haWwiOiJhZG1pbkBtZWRpY2FpZHNlcnZpY2VzLmNvbSIsIm9yZ2FuaXphdGlvbl9pZCI6InN1cGVyX2FkbWluIiwicm9sZSI6InN1cGVyX2FkbWluIiwiaXNfYWRtaW4iOnRydWUsImV4cCI6MTc2ODI2Mjk0MCwiaWF0IjoxNzY3NjU4MTQwfQ.KBd0nItz8JicMLXLisjXd_8Q5g5mRPRUMFMkIbmOGKM', 'organization': {'features': ['admin_panel', 'all_features'], 'id': 'super_admin', 'name': 'Platform Administration', 'plan': 'enterprise', ...}, 'token_type': 'bearer', 'user': {'email': 'admin@medicaidservices.com', 'first_name': 'Admin', 'id': '620e1db6-732a-4ad6-97ce-1f228ce05f3a', 'last_name': 'User', ...}}</error></testcase><testcase classname="tests.test_hipaa_org_isolation.TestHIPAAOrganizationIsolation" name="test_employees_list_returns_only_org_records" time="0.000"><error message="failed on setup with &quot;AssertionError: No token in response&#10;assert 'token' in {'access_token': 'eyJhbGciOiJIUzI1NiIsInR5cCI6IkpXVCJ9.eyJ1c2VyX2lkIjoiNjIwZTFkYjYtNzMyYS00YWQ2LTk3Y2UtMWYyMjhjZTA1ZjNhIiwiZW1haWwiOiJhZG1pbkBtZWRpY2FpZHNlcnZpY2VzLmNvbSIsIm9yZ2FuaXphdGlvbl9pZCI6InN1cGVyX2FkbWluIiwicm9sZSI6InN1cGVyX2FkbWluIiwiaXNfYWRtaW4iOnRydWUsImV4cCI6MTc2ODI2Mjk0MCwiaWF0IjoxNzY3NjU4MTQwfQ.KBd0nItz8JicMLXLisjXd_8Q5g5mRPRUMFMkIbmOGKM', 'organization': {'features': ['admin_panel', 'all_features'], 'id': 'super_admin', 'name': 'Platform Administration', 'plan': 'enterprise', ...}, 'token_type': 'bearer', 'user': {'email': 'admin@medicaidservices.com', 'first_name': 'Admin', 'id': '620e1db6-732a-4ad6-97ce-1f228ce05f3a', 'last_name': 'User', ...}}&quot;">tests/test_hipaa_org_isolation.py:42: in auth_token
    assert "token" in data, "No token in response"
E   AssertionError: No token in response
E   assert 'token' in {'access_token': 'eyJhbGciOiJIUzI1NiIsInR5cCI6IkpXVCJ9.eyJ1c2VyX2lkIjoiNjIwZTFkYjYtNzMyYS00YWQ2LTk3Y2UtMWYyMjhjZTA1ZjNhIiwiZW1haWwiOiJhZG1pbkBtZWRpY2FpZHNlcnZpY2VzLmNvbSIsIm9yZ2FuaXphdGlvbl9pZCI6InN1cGVyX2FkbWluIiwicm9sZSI6InN1cGVyX2FkbWluIiwiaXNfYWRtaW4iOnRydWUsImV4cCI6MTc2ODI2Mjk0MCwiaWF0IjoxNzY3NjU4MTQwfQ.KBd0nItz8JicMLXLisjXd_8Q5g5mRPRUMFMkIbmOGKM', 'organization': {'features': ['admin_panel', 'all_features'], 'id': 'super_admin', 'name': 'Platform Administration', 'plan': 'enterprise', ...}, 'token_type': 'bearer', 'user': {'email': 'admin@medicaidservices.com', 'first_name': 'Admin', 'id': '620e1db6-732a-4ad6-97ce-1f228ce05f3a', 'last_name': 'User', ...}}</error></testcase><testcase classname="tests.test_hipaa_org_isolation.TestCrossOrganizationAccess" name="test_update_timesheet_from_different_org_fails" time="0.267"><error message="failed on setup with &quot;KeyError: 'token'&quot;">tests/test_hipaa_org_isolation.py:315: in admin_token
    return response.json()["token"]
           ^^^^^^^^^^^^^^^^^^^^^^^^
E   KeyError: 'token'</error></testcase><testcase classname="tests.test_hipaa_org_isolation.TestCrossOrganizationAccess" name="test_delete_timesheet_from_different_org_fails" time="0.000"><error message="failed on setup with &quot;KeyError: 'token'&quot;">tests/test_hipaa_org_isolation.py:315: in admin_token
    return response.json()["token"]
           ^^^^^^^^^^^^^^^^^^^^^^^^
E   KeyError: 'token'</error></testcase><testcase classname="tests.test_hipaa_org_isolation.TestUnauthenticatedAccess" name="test_unauthenticated_timesheets_uses_default_org" time="0.058" /></testsuite></testsuites>