<?xml version="1.0" encoding="utf-8"?><testsuites name="pytest tests"><testsuite name="pytest" errors="0" failures="2" skipped="2" tests="18" time="1.346" timestamp="2026-01-05T22:00:34.718926+00:00" hostname="agent-env-8aa9fd07-9ea1-48c6-b1e7-936962bb29be"><testcase classname="tests.test_admin_notifications_validation.TestNotificationSystem" name="test_send_notification_as_admin" time="0.335" /><testcase classname="tests.test_admin_notifications_validation.TestNotificationSystem" name="test_list_notifications" time="0.012" /><testcase classname="tests.test_admin_notifications_validation.TestNotificationSystem" name="test_list_notifications_with_filters" time="0.014" /><testcase classname="tests.test_admin_notifications_validation.TestNotificationSystem" name="test_get_notification_preferences" time="0.033"><failure message="AssertionError: Expected 200, got 520: Internal Server Error&#10;assert 520 == 200&#10; +  where 520 = &lt;Response [520]&gt;.status_code">tests/test_admin_notifications_validation.py:158: in test_get_notification_preferences
    assert response.status_code == 200, f"Expected 200, got {response.status_code}: {response.text}"
E   AssertionError: Expected 200, got 520: Internal Server Error
E   assert 520 == 200
E    +  where 520 = &lt;Response [520]&gt;.status_code</failure></testcase><testcase classname="tests.test_admin_notifications_validation.TestNotificationSystem" name="test_notification_route_bug_documented" time="0.043" /><testcase classname="tests.test_admin_notifications_validation.TestAdminOrganizations" name="test_list_organizations" time="0.081" /><testcase classname="tests.test_admin_notifications_validation.TestAdminOrganizations" name="test_create_organization" time="0.245"><failure message="AssertionError: Expected 200/201, got 520: Internal Server Error&#10;assert 520 in [200, 201]&#10; +  where 520 = &lt;Response [520]&gt;.status_code">tests/test_admin_notifications_validation.py:242: in test_create_organization
    assert response.status_code in [200, 201], f"Expected 200/201, got {response.status_code}: {response.text}"
E   AssertionError: Expected 200/201, got 520: Internal Server Error
E   assert 520 in [200, 201]
E    +  where 520 = &lt;Response [520]&gt;.status_code</failure></testcase><testcase classname="tests.test_admin_notifications_validation.TestAdminOrganizations" name="test_get_organization_details_bug" time="0.059"><skipped type="pytest.xfail" message="Known bug: endpoint queries by 'organization_id' but DB uses 'id'" /></testcase><testcase classname="tests.test_admin_notifications_validation.TestAdminOrganizations" name="test_update_organization" time="0.055"><skipped type="pytest.xfail" message="Known bug: endpoint may query by wrong field" /></testcase><testcase classname="tests.test_admin_notifications_validation.TestAdminCredentials" name="test_get_organization_credentials" time="0.058" /><testcase classname="tests.test_admin_notifications_validation.TestAdminCredentials" name="test_update_organization_credentials" time="0.077" /><testcase classname="tests.test_admin_notifications_validation.TestEmployeeValidation" name="test_create_employee_missing_required_fields" time="0.010" /><testcase classname="tests.test_admin_notifications_validation.TestEmployeeValidation" name="test_update_employee_empty_categories" time="0.018" /><testcase classname="tests.test_admin_notifications_validation.TestEmployeeValidation" name="test_update_employee_valid_categories" time="0.021" /><testcase classname="tests.test_admin_notifications_validation.TestEmployeeValidation" name="test_employee_invalid_category_values" time="0.008" /><testcase classname="tests.test_admin_notifications_validation.TestPatientValidation" name="test_create_patient_incomplete_fields" time="0.009" /><testcase classname="tests.test_admin_notifications_validation.TestPatientValidation" name="test_update_patient_complete_fields" time="0.022" /><testcase classname="tests.test_admin_notifications_validation.TestPatientValidation" name="test_patient_invalid_medicaid_number" time="0.103" /></testsuite></testsuites>