<?xml version="1.0" encoding="utf-8"?><testsuites name="pytest tests"><testsuite name="pytest" errors="0" failures="7" skipped="0" tests="17" time="1.054" timestamp="2026-01-05T21:57:50.423612+00:00" hostname="agent-env-8aa9fd07-9ea1-48c6-b1e7-936962bb29be"><testcase classname="tests.test_admin_notifications_validation.TestNotificationSystem" name="test_send_notification_as_admin" time="0.312"><failure message="AssertionError: Expected 200, got 404: {&quot;detail&quot;:&quot;Not Found&quot;}&#10;assert 404 == 200&#10; +  where 404 = &lt;Response [404]&gt;.status_code">tests/test_admin_notifications_validation.py:99: in test_send_notification_as_admin
    assert response.status_code == 200, f"Expected 200, got {response.status_code}: {response.text}"
E   AssertionError: Expected 200, got 404: {"detail":"Not Found"}
E   assert 404 == 200
E    +  where 404 = &lt;Response [404]&gt;.status_code</failure></testcase><testcase classname="tests.test_admin_notifications_validation.TestNotificationSystem" name="test_list_notifications" time="0.012"><failure message="AssertionError: Expected 200, got 404: {&quot;detail&quot;:&quot;Not Found&quot;}&#10;assert 404 == 200&#10; +  where 404 = &lt;Response [404]&gt;.status_code">tests/test_admin_notifications_validation.py:114: in test_list_notifications
    assert response.status_code == 200, f"Expected 200, got {response.status_code}: {response.text}"
E   AssertionError: Expected 200, got 404: {"detail":"Not Found"}
E   assert 404 == 200
E    +  where 404 = &lt;Response [404]&gt;.status_code</failure></testcase><testcase classname="tests.test_admin_notifications_validation.TestNotificationSystem" name="test_list_notifications_with_filters" time="0.008"><failure message="AssertionError: Expected 200, got 404&#10;assert 404 == 200&#10; +  where 404 = &lt;Response [404]&gt;.status_code">tests/test_admin_notifications_validation.py:136: in test_list_notifications_with_filters
    assert response.status_code == 200, f"Expected 200, got {response.status_code}"
E   AssertionError: Expected 200, got 404
E   assert 404 == 200
E    +  where 404 = &lt;Response [404]&gt;.status_code</failure></testcase><testcase classname="tests.test_admin_notifications_validation.TestNotificationSystem" name="test_get_notification_preferences" time="0.009"><failure message="AssertionError: Expected 200, got 404: {&quot;detail&quot;:&quot;Not Found&quot;}&#10;assert 404 == 200&#10; +  where 404 = &lt;Response [404]&gt;.status_code">tests/test_admin_notifications_validation.py:146: in test_get_notification_preferences
    assert response.status_code == 200, f"Expected 200, got {response.status_code}: {response.text}"
E   AssertionError: Expected 200, got 404: {"detail":"Not Found"}
E   assert 404 == 200
E    +  where 404 = &lt;Response [404]&gt;.status_code</failure></testcase><testcase classname="tests.test_admin_notifications_validation.TestAdminOrganizations" name="test_list_organizations" time="0.089" /><testcase classname="tests.test_admin_notifications_validation.TestAdminOrganizations" name="test_create_organization" time="0.016"><failure message="AssertionError: Expected 200/201, got 422: {&quot;detail&quot;:[{&quot;type&quot;:&quot;missing&quot;,&quot;loc&quot;:[&quot;body&quot;,&quot;admin_password&quot;],&quot;msg&quot;:&quot;Field required&quot;,&quot;input&quot;:{&quot;name&quot;:&quot;TEST_Org_3560bbae&quot;,&quot;admin_email&quot;:&quot;test_ef044f42@test.com&quot;,&quot;admin_name&quot;:&quot;Test Admin&quot;,&quot;plan&quot;:&quot;basic&quot;,&quot;phone&quot;:&quot;555-123-4567&quot;,&quot;address_street&quot;:&quot;123 Test St&quot;,&quot;address_city&quot;:&quot;Columbus&quot;,&quot;address_state&quot;:&quot;OH&quot;,&quot;address_zip&quot;:&quot;43215&quot;},&quot;url&quot;:&quot;https://errors.pydantic.dev/2.12/v/missing&quot;},{&quot;type&quot;:&quot;missing&quot;,&quot;loc&quot;:[&quot;body&quot;,&quot;admin_first_name&quot;],&quot;msg&quot;:&quot;Field required&quot;,&quot;input&quot;:{&quot;name&quot;:&quot;TEST_Org_3560bbae&quot;,&quot;admin_email&quot;:&quot;test_ef044f42@test.com&quot;,&quot;admin_name&quot;:&quot;Test Admin&quot;,&quot;plan&quot;:&quot;basic&quot;,&quot;phone&quot;:&quot;555-123-4567&quot;,&quot;address_street&quot;:&quot;123 Test St&quot;,&quot;address_city&quot;:&quot;Columbus&quot;,&quot;address_state&quot;:&quot;OH&quot;,&quot;address_zip&quot;:&quot;43215&quot;},&quot;url&quot;:&quot;https://errors.pydantic.dev/2.12/v/missing&quot;},{&quot;type&quot;:&quot;missing&quot;,&quot;loc&quot;:[&quot;body&quot;,&quot;admin_last_name&quot;],&quot;msg&quot;:&quot;Field required&quot;,&quot;input&quot;:{&quot;name&quot;:&quot;TEST_Org_3560bbae&quot;,&quot;admin_email&quot;:&quot;test_ef044f42@test.com&quot;,&quot;admin_name&quot;:&quot;Test Admin&quot;,&quot;plan&quot;:&quot;basic&quot;,&quot;phone&quot;:&quot;555-123-4567&quot;,&quot;address_street&quot;:&quot;123 Test St&quot;,&quot;address_city&quot;:&quot;Columbus&quot;,&quot;address_state&quot;:&quot;OH&quot;,&quot;address_zip&quot;:&quot;43215&quot;},&quot;url&quot;:&quot;https://errors.pydantic.dev/2.12/v/missing&quot;}]}&#10;assert 422 in [200, 201]&#10; +  where 422 = &lt;Response [422]&gt;.status_code">tests/test_admin_notifications_validation.py:210: in test_create_organization
    assert response.status_code in [200, 201], f"Expected 200/201, got {response.status_code}: {response.text}"
E   AssertionError: Expected 200/201, got 422: {"detail":[{"type":"missing","loc":["body","admin_password"],"msg":"Field required","input":{"name":"TEST_Org_3560bbae","admin_email":"test_ef044f42@test.com","admin_name":"Test Admin","plan":"basic","phone":"555-123-4567","address_street":"123 Test St","address_city":"Columbus","address_state":"OH","address_zip":"43215"},"url":"https://errors.pydantic.dev/2.12/v/missing"},{"type":"missing","loc":["body","admin_first_name"],"msg":"Field required","input":{"name":"TEST_Org_3560bbae","admin_email":"test_ef044f42@test.com","admin_name":"Test Admin","plan":"basic","phone":"555-123-4567","address_street":"123 Test St","address_city":"Columbus","address_state":"OH","address_zip":"43215"},"url":"https://errors.pydantic.dev/2.12/v/missing"},{"type":"missing","loc":["body","admin_last_name"],"msg":"Field required","input":{"name":"TEST_Org_3560bbae","admin_email":"test_ef044f42@test.com","admin_name":"Test Admin","plan":"basic","phone":"555-123-4567","address_street":"123 Test St","address_city":"Columbus","address_state":"OH","address_zip":"43215"},"url":"https://errors.pydantic.dev/2.12/v/missing"}]}
E   assert 422 in [200, 201]
E    +  where 422 = &lt;Response [422]&gt;.status_code</failure></testcase><testcase classname="tests.test_admin_notifications_validation.TestAdminOrganizations" name="test_get_organization_details" time="0.058"><failure message="AssertionError: Expected 200, got 404: {&quot;detail&quot;:&quot;Organization not found&quot;}&#10;assert 404 == 200&#10; +  where 404 = &lt;Response [404]&gt;.status_code">tests/test_admin_notifications_validation.py:244: in test_get_organization_details
    assert response.status_code == 200, f"Expected 200, got {response.status_code}: {response.text}"
E   AssertionError: Expected 200, got 404: {"detail":"Organization not found"}
E   assert 404 == 200
E    +  where 404 = &lt;Response [404]&gt;.status_code</failure></testcase><testcase classname="tests.test_admin_notifications_validation.TestAdminOrganizations" name="test_update_organization" time="0.062"><failure message="AssertionError: Expected 200, got 404: {&quot;detail&quot;:&quot;Organization not found&quot;}&#10;assert 404 == 200&#10; +  where 404 = &lt;Response [404]&gt;.status_code">tests/test_admin_notifications_validation.py:286: in test_update_organization
    assert response.status_code == 200, f"Expected 200, got {response.status_code}: {response.text}"
E   AssertionError: Expected 200, got 404: {"detail":"Organization not found"}
E   assert 404 == 200
E    +  where 404 = &lt;Response [404]&gt;.status_code</failure></testcase><testcase classname="tests.test_admin_notifications_validation.TestAdminCredentials" name="test_get_organization_credentials" time="0.060" /><testcase classname="tests.test_admin_notifications_validation.TestAdminCredentials" name="test_update_organization_credentials" time="0.071" /><testcase classname="tests.test_admin_notifications_validation.TestEmployeeValidation" name="test_create_employee_missing_required_fields" time="0.025" /><testcase classname="tests.test_admin_notifications_validation.TestEmployeeValidation" name="test_update_employee_empty_categories" time="0.022" /><testcase classname="tests.test_admin_notifications_validation.TestEmployeeValidation" name="test_update_employee_valid_categories" time="0.020" /><testcase classname="tests.test_admin_notifications_validation.TestEmployeeValidation" name="test_employee_invalid_category_values" time="0.009" /><testcase classname="tests.test_admin_notifications_validation.TestPatientValidation" name="test_create_patient_incomplete_fields" time="0.017" /><testcase classname="tests.test_admin_notifications_validation.TestPatientValidation" name="test_update_patient_complete_fields" time="0.021" /><testcase classname="tests.test_admin_notifications_validation.TestPatientValidation" name="test_patient_invalid_medicaid_number" time="0.089" /></testsuite></testsuites>